[01m[K/home/matthias/xplore2023/hd_ws/src/control/moveit_api_test2/src/move_group_interface.cpp:[m[K In function â€˜[01m[Kint main(int, char**)[m[Kâ€™:
[01m[K/home/matthias/xplore2023/hd_ws/src/control/moveit_api_test2/src/move_group_interface.cpp:142:35:[m[K [01;31m[Kerror: [m[Kâ€˜[01m[Ktarget_pose1[m[Kâ€™ was not declared in this scope
  142 |   visual_tools.publishAxisLabeled([01;31m[Ktarget_pose1[m[K, "pose1");
      |                                   [01;31m[K^~~~~~~~~~~~[m[K
[01m[K/home/matthias/xplore2023/hd_ws/src/control/moveit_api_test2/src/move_group_interface.cpp:170:31:[m[K [01;31m[Kerror: [m[Kredeclaration of â€˜[01m[Kmoveit::core::RobotStatePtr current_state[m[Kâ€™
  170 |   moveit::core::RobotStatePtr [01;31m[Kcurrent_state[m[K = move_group.getCurrentState(10);
      |                               [01;31m[K^~~~~~~~~~~~~[m[K
[01m[K/home/matthias/xplore2023/hd_ws/src/control/moveit_api_test2/src/move_group_interface.cpp:116:31:[m[K [01;36m[Knote: [m[Kâ€˜[01m[Kmoveit::core::RobotStatePtr current_state[m[Kâ€™ previously declared here
  116 |   moveit::core::RobotStatePtr [01;36m[Kcurrent_state[m[K = move_group.getCurrentState(10);
      |                               [01;36m[K^~~~~~~~~~~~~[m[K
[01m[K/home/matthias/xplore2023/hd_ws/src/control/moveit_api_test2/src/move_group_interface.cpp:173:23:[m[K [01;31m[Kerror: [m[Kredeclaration of â€˜[01m[Kstd::vector<double> joint_group_positions[m[Kâ€™
  173 |   std::vector<double> [01;31m[Kjoint_group_positions[m[K;
      |                       [01;31m[K^~~~~~~~~~~~~~~~~~~~~[m[K
[01m[K/home/matthias/xplore2023/hd_ws/src/control/moveit_api_test2/src/move_group_interface.cpp:119:23:[m[K [01;36m[Knote: [m[Kâ€˜[01m[Kstd::vector<double> joint_group_positions[m[Kâ€™ previously declared here
  119 |   std::vector<double> [01;36m[Kjoint_group_positions[m[K;
      |                       [01;36m[K^~~~~~~~~~~~~~~~~~~~~[m[K
[01m[K/home/matthias/xplore2023/hd_ws/src/control/moveit_api_test2/src/move_group_interface.cpp:178:8:[m[K [01;31m[Kerror: [m[Kredeclaration of â€˜[01m[Kbool within_bounds[m[Kâ€™
  178 |   bool [01;31m[Kwithin_bounds[m[K = move_group.setJointValueTarget(joint_group_positions);
      |        [01;31m[K^~~~~~~~~~~~~[m[K
[01m[K/home/matthias/xplore2023/hd_ws/src/control/moveit_api_test2/src/move_group_interface.cpp:124:8:[m[K [01;36m[Knote: [m[Kâ€˜[01m[Kbool within_bounds[m[Kâ€™ previously declared here
  124 |   bool [01;36m[Kwithin_bounds[m[K = move_group.setJointValueTarget(joint_group_positions);
      |        [01;36m[K^~~~~~~~~~~~~[m[K
gmake[2]: *** [CMakeFiles/move_group_interface_test.dir/build.make:76: CMakeFiles/move_group_interface_test.dir/src/move_group_interface.cpp.o] Error 1
gmake[1]: *** [CMakeFiles/Makefile2:137: CMakeFiles/move_group_interface_test.dir/all] Error 2
gmake: *** [Makefile:146: all] Error 2
