[0.041s] Invoking command in '/home/matthias/xplore2023/hd_ws/build/moveit_api_test2': CMAKE_PREFIX_PATH=${CMAKE_PREFIX_PATH}:/home/matthias/xplore2023/hd_ws/install/task_execution:/home/matthias/xplore2023/hd_ws/install/manager:/opt/ros/humble /usr/bin/cmake --build /home/matthias/xplore2023/hd_ws/build/moveit_api_test2 -- -j12 -l12
[0.452s] [35m[1mConsolidate compiler generated dependencies of target move_group_interface_test[0m
[0.454s] [ 50%] [32mBuilding CXX object CMakeFiles/move_group_interface_test.dir/src/move_group_interface.cpp.o[0m
[6.695s] [01m[K/home/matthias/xplore2023/hd_ws/src/control/moveit_api_test2/src/move_group_interface.cpp:[m[K In function â€˜[01m[Kint main(int, char**)[m[Kâ€™:
[6.695s] [01m[K/home/matthias/xplore2023/hd_ws/src/control/moveit_api_test2/src/move_group_interface.cpp:142:35:[m[K [01;31m[Kerror: [m[Kâ€˜[01m[Ktarget_pose1[m[Kâ€™ was not declared in this scope
[6.695s]   142 |   visual_tools.publishAxisLabeled([01;31m[Ktarget_pose1[m[K, "pose1");
[6.695s]       |                                   [01;31m[K^~~~~~~~~~~~[m[K
[6.697s] [01m[K/home/matthias/xplore2023/hd_ws/src/control/moveit_api_test2/src/move_group_interface.cpp:170:31:[m[K [01;31m[Kerror: [m[Kredeclaration of â€˜[01m[Kmoveit::core::RobotStatePtr current_state[m[Kâ€™
[6.698s]   170 |   moveit::core::RobotStatePtr [01;31m[Kcurrent_state[m[K = move_group.getCurrentState(10);
[6.698s]       |                               [01;31m[K^~~~~~~~~~~~~[m[K
[6.698s] [01m[K/home/matthias/xplore2023/hd_ws/src/control/moveit_api_test2/src/move_group_interface.cpp:116:31:[m[K [01;36m[Knote: [m[Kâ€˜[01m[Kmoveit::core::RobotStatePtr current_state[m[Kâ€™ previously declared here
[6.698s]   116 |   moveit::core::RobotStatePtr [01;36m[Kcurrent_state[m[K = move_group.getCurrentState(10);
[6.698s]       |                               [01;36m[K^~~~~~~~~~~~~[m[K
[6.698s] [01m[K/home/matthias/xplore2023/hd_ws/src/control/moveit_api_test2/src/move_group_interface.cpp:173:23:[m[K [01;31m[Kerror: [m[Kredeclaration of â€˜[01m[Kstd::vector<double> joint_group_positions[m[Kâ€™
[6.698s]   173 |   std::vector<double> [01;31m[Kjoint_group_positions[m[K;
[6.698s]       |                       [01;31m[K^~~~~~~~~~~~~~~~~~~~~[m[K
[6.698s] [01m[K/home/matthias/xplore2023/hd_ws/src/control/moveit_api_test2/src/move_group_interface.cpp:119:23:[m[K [01;36m[Knote: [m[Kâ€˜[01m[Kstd::vector<double> joint_group_positions[m[Kâ€™ previously declared here
[6.698s]   119 |   std::vector<double> [01;36m[Kjoint_group_positions[m[K;
[6.698s]       |                       [01;36m[K^~~~~~~~~~~~~~~~~~~~~[m[K
[6.698s] [01m[K/home/matthias/xplore2023/hd_ws/src/control/moveit_api_test2/src/move_group_interface.cpp:178:8:[m[K [01;31m[Kerror: [m[Kredeclaration of â€˜[01m[Kbool within_bounds[m[Kâ€™
[6.698s]   178 |   bool [01;31m[Kwithin_bounds[m[K = move_group.setJointValueTarget(joint_group_positions);
[6.698s]       |        [01;31m[K^~~~~~~~~~~~~[m[K
[6.698s] [01m[K/home/matthias/xplore2023/hd_ws/src/control/moveit_api_test2/src/move_group_interface.cpp:124:8:[m[K [01;36m[Knote: [m[Kâ€˜[01m[Kbool within_bounds[m[Kâ€™ previously declared here
[6.699s]   124 |   bool [01;36m[Kwithin_bounds[m[K = move_group.setJointValueTarget(joint_group_positions);
[6.699s]       |        [01;36m[K^~~~~~~~~~~~~[m[K
[8.842s] gmake[2]: *** [CMakeFiles/move_group_interface_test.dir/build.make:76: CMakeFiles/move_group_interface_test.dir/src/move_group_interface.cpp.o] Error 1
[8.842s] gmake[1]: *** [CMakeFiles/Makefile2:137: CMakeFiles/move_group_interface_test.dir/all] Error 2
[8.842s] gmake: *** [Makefile:146: all] Error 2
[8.844s] Invoked command in '/home/matthias/xplore2023/hd_ws/build/moveit_api_test2' returned '2': CMAKE_PREFIX_PATH=${CMAKE_PREFIX_PATH}:/home/matthias/xplore2023/hd_ws/install/task_execution:/home/matthias/xplore2023/hd_ws/install/manager:/opt/ros/humble /usr/bin/cmake --build /home/matthias/xplore2023/hd_ws/build/moveit_api_test2 -- -j12 -l12
