[0.025s] Invoking command in '/home/matthias/xplore2023/hd_ws/build/moveit_api_test': CMAKE_PREFIX_PATH=${CMAKE_PREFIX_PATH}:/home/matthias/xplore2023/hd_ws/install/task_execution:/home/matthias/xplore2023/hd_ws/install/manager:/opt/ros/humble /usr/bin/cmake --build /home/matthias/xplore2023/hd_ws/build/moveit_api_test -- -j12 -l12
[0.061s] [35m[1mConsolidate compiler generated dependencies of target moveit_test[0m
[0.082s] [ 50%] [32m[1mLinking CXX executable moveit_test[0m
[2.231s] /usr/bin/ld: /usr/lib/gcc/x86_64-linux-gnu/11/../../../x86_64-linux-gnu/Scrt1.o: in function `_start':
[2.231s] (.text+0x1b): undefined reference to `main'
[2.247s] collect2: error: ld returned 1 exit status
[2.250s] gmake[2]: *** [CMakeFiles/moveit_test.dir/build.make:313: moveit_test] Error 1
[2.251s] gmake[1]: *** [CMakeFiles/Makefile2:137: CMakeFiles/moveit_test.dir/all] Error 2
[2.251s] gmake: *** [Makefile:146: all] Error 2
[2.256s] Invoked command in '/home/matthias/xplore2023/hd_ws/build/moveit_api_test' returned '2': CMAKE_PREFIX_PATH=${CMAKE_PREFIX_PATH}:/home/matthias/xplore2023/hd_ws/install/task_execution:/home/matthias/xplore2023/hd_ws/install/manager:/opt/ros/humble /usr/bin/cmake --build /home/matthias/xplore2023/hd_ws/build/moveit_api_test -- -j12 -l12
