[0.031s] Invoking command in '/home/matthias/xplore2023/hd_ws/build/moveit_api_test': CMAKE_PREFIX_PATH=${CMAKE_PREFIX_PATH}:/home/matthias/xplore2023/hd_ws/install/task_execution:/home/matthias/xplore2023/hd_ws/install/manager:/opt/ros/humble /usr/bin/cmake --build /home/matthias/xplore2023/hd_ws/build/moveit_api_test -- -j12 -l12
[0.306s] gmake[2]: *** No rule to make target '/opt/ros/humble/lib/libmoveit_move_group_interface.so.2.5.3', needed by 'moveit_test'.  Stop.
[0.307s] gmake[2]: *** Waiting for unfinished jobs....
[0.314s] gmake[2]: *** No rule to make target '/opt/ros/humble/lib/libmoveit_move_group_interface.so.2.5.3', needed by 'moveit_test2'.  Stop.
[0.314s] gmake[2]: *** Waiting for unfinished jobs....
[0.317s] gmake[2]: *** No rule to make target '/opt/ros/humble/lib/libmoveit_move_group_interface.so.2.5.3', needed by 'moveit_test3'.  Stop.
[0.318s] gmake[2]: *** Waiting for unfinished jobs....
[0.321s] [ 10%] [32mBuilding CXX object CMakeFiles/moveit_test.dir/src/test.cpp.o[0m
[0.326s] [ 20%] [32mBuilding CXX object CMakeFiles/moveit_test2.dir/src/test2.cpp.o[0m
[0.328s] [ 30%] [32mBuilding CXX object CMakeFiles/moveit_test3.dir/src/test3.cpp.o[0m
[0.334s] gmake[2]: *** No rule to make target '/opt/ros/humble/lib/libmoveit_move_group_interface.so.2.5.3', needed by 'motion_planning_test'.  Stop.
[0.334s] gmake[2]: *** Waiting for unfinished jobs....
[0.334s] gmake[2]: *** No rule to make target '/opt/ros/humble/lib/libmoveit_move_group_interface.so.2.5.3', needed by 'move_group_interface_test'.  Stop.
[0.334s] gmake[2]: *** Waiting for unfinished jobs....
[0.342s] [ 40%] [32mBuilding CXX object CMakeFiles/move_group_interface_test.dir/src/move_group_interface_test.cpp.o[0m
[0.343s] [ 50%] [32mBuilding CXX object CMakeFiles/motion_planning_test.dir/src/motion_planning.cpp.o[0m
[8.654s] gmake[1]: *** [CMakeFiles/Makefile2:145: CMakeFiles/moveit_test.dir/all] Error 2
[8.655s] gmake[1]: *** Waiting for unfinished jobs....
[9.540s] gmake[1]: *** [CMakeFiles/Makefile2:171: CMakeFiles/moveit_test2.dir/all] Error 2
[11.993s] gmake[1]: *** [CMakeFiles/Makefile2:197: CMakeFiles/moveit_test3.dir/all] Error 2
[12.780s] gmake[1]: *** [CMakeFiles/Makefile2:249: CMakeFiles/move_group_interface_test.dir/all] Error 2
[16.560s] gmake[1]: *** [CMakeFiles/Makefile2:223: CMakeFiles/motion_planning_test.dir/all] Error 2
[16.567s] gmake: *** [Makefile:146: all] Error 2
[16.665s] Invoked command in '/home/matthias/xplore2023/hd_ws/build/moveit_api_test' returned '2': CMAKE_PREFIX_PATH=${CMAKE_PREFIX_PATH}:/home/matthias/xplore2023/hd_ws/install/task_execution:/home/matthias/xplore2023/hd_ws/install/manager:/opt/ros/humble /usr/bin/cmake --build /home/matthias/xplore2023/hd_ws/build/moveit_api_test -- -j12 -l12
