-- Found ament_cmake: 1.3.3 (/opt/ros/humble/share/ament_cmake/cmake)
-- Found rclcpp: 16.0.2 (/opt/ros/humble/share/rclcpp/cmake)
-- Found rosidl_generator_c: 3.1.4 (/opt/ros/humble/share/rosidl_generator_c/cmake)
-- Found rosidl_adapter: 3.1.4 (/opt/ros/humble/share/rosidl_adapter/cmake)
-- Found rosidl_generator_cpp: 3.1.4 (/opt/ros/humble/share/rosidl_generator_cpp/cmake)
-- Using all available rosidl_typesupport_c: rosidl_typesupport_fastrtps_c;rosidl_typesupport_introspection_c
-- Using all available rosidl_typesupport_cpp: rosidl_typesupport_fastrtps_cpp;rosidl_typesupport_introspection_cpp
-- Found rmw_implementation_cmake: 6.1.1 (/opt/ros/humble/share/rmw_implementation_cmake/cmake)
-- Found rmw_fastrtps_cpp: 6.2.2 (/opt/ros/humble/share/rmw_fastrtps_cpp/cmake)
-- Using RMW implementation 'rmw_fastrtps_cpp' as default
-- Found moveit_core: 2.5.3 (/opt/ros/humble/share/moveit_core/cmake)
-- Found Boost: /usr/lib/x86_64-linux-gnu/cmake/Boost-1.74.0/BoostConfig.cmake (found version "1.74.0") found components: chrono date_time filesystem iostreams program_options regex serialization system thread 
-- Found Boost: /usr/lib/x86_64-linux-gnu/cmake/Boost-1.74.0/BoostConfig.cmake (found version "1.74.0") found components: filesystem 
-- library: /usr/lib/x86_64-linux-gnu/libcurl.so
-- Ensuring Eigen3 include directory is part of orocos-kdl CMake target
-- Found moveit_ros_planning_interface: 2.5.3 (/opt/ros/humble/share/moveit_ros_planning_interface/cmake)
-- Found Boost: /usr/lib/x86_64-linux-gnu/cmake/Boost-1.74.0/BoostConfig.cmake (found version "1.74.0") found components: date_time filesystem program_options system thread 
-- Found Boost: /usr/lib/x86_64-linux-gnu/cmake/Boost-1.74.0/BoostConfig.cmake (found version "1.74.0") found components: system filesystem date_time program_options thread chrono 
-- Found Boost: /usr/lib/x86_64-linux-gnu/cmake/Boost-1.74.0/BoostConfig.cmake (found version "1.74.0") found components: thread system filesystem regex date_time program_options 
-- Found Boost: /usr/lib/x86_64-linux-gnu/cmake/Boost-1.74.0/BoostConfig.cmake (found version "1.74.0") found components: system filesystem date_time program_options thread 
-- Found ament_lint_auto: 0.12.4 (/opt/ros/humble/share/ament_lint_auto/cmake)
-- Added test 'cppcheck' to perform static code analysis on C / C++ code
-- Configured cppcheck include dirs: 
-- Configured cppcheck exclude dirs and/or files: 
-- Added test 'flake8' to check Python code syntax and style conventions
-- Added test 'lint_cmake' to check CMake code style
-- Added test 'pep257' to check Python code against some of the docstring style conventions in PEP 257
-- Added test 'uncrustify' to check C / C++ code style
-- Configured uncrustify additional arguments: 
-- Added test 'xmllint' to check XML markup files
-- Configuring done
-- Generating done
-- Build files have been written to: /home/matthias/xplore2023/hd_ws/build/moveit_api_test
[35m[1mConsolidate compiler generated dependencies of target moveit_test[0m
[35m[1mConsolidate compiler generated dependencies of target moveit_test2[0m
[ 16%] [32mBuilding CXX object CMakeFiles/moveit_test3.dir/src/test3.cpp.o[0m
[ 50%] Built target moveit_test
[ 83%] Built target moveit_test2
[100%] [32m[1mLinking CXX executable moveit_test3[0m
/usr/bin/ld: CMakeFiles/moveit_test3.dir/src/test3.cpp.o: in function `main':
test3.cpp:(.text+0x3b5): undefined reference to `rviz_visual_tools::RvizVisualTools::loadRemoteControl()'
/usr/bin/ld: test3.cpp:(.text+0x3c4): undefined reference to `rviz_visual_tools::RvizVisualTools::deleteAllMarkers()'
/usr/bin/ld: test3.cpp:(.text+0x566): undefined reference to `rviz_visual_tools::RvizVisualTools::prompt(std::__cxx11::basic_string<char, std::char_traits<char>, std::allocator<char> > const&)'
/usr/bin/ld: test3.cpp:(.text+0xa3d): undefined reference to `rviz_visual_tools::RvizVisualTools::prompt(std::__cxx11::basic_string<char, std::char_traits<char>, std::allocator<char> > const&)'
/usr/bin/ld: test3.cpp:(.text+0x1268): undefined reference to `rviz_visual_tools::RvizVisualTools::prompt(std::__cxx11::basic_string<char, std::char_traits<char>, std::allocator<char> > const&)'
/usr/bin/ld: test3.cpp:(.text+0x14d7): undefined reference to `rviz_visual_tools::RvizVisualTools::prompt(std::__cxx11::basic_string<char, std::char_traits<char>, std::allocator<char> > const&)'
/usr/bin/ld: test3.cpp:(.text+0x16c4): undefined reference to `rviz_visual_tools::RvizVisualTools::prompt(std::__cxx11::basic_string<char, std::char_traits<char>, std::allocator<char> > const&)'
/usr/bin/ld: CMakeFiles/moveit_test3.dir/src/test3.cpp.o: in function `rviz_visual_tools::RvizVisualTools::RvizVisualTools<std::shared_ptr<rclcpp::Node> >(std::__cxx11::basic_string<char, std::char_traits<char>, std::allocator<char> > const&, std::__cxx11::basic_string<char, std::char_traits<char>, std::allocator<char> > const&, std::shared_ptr<rclcpp::Node>, std::shared_ptr<rviz_visual_tools::RemoteControl> const&)':
test3.cpp:(.text._ZN17rviz_visual_tools15RvizVisualToolsC2ISt10shared_ptrIN6rclcpp4NodeEEEERKNSt7__cxx1112basic_stringIcSt11char_traitsIcESaIcEEESD_T_RKS2_INS_13RemoteControlEE[_ZN17rviz_visual_tools15RvizVisualToolsC5ISt10shared_ptrIN6rclcpp4NodeEEEERKNSt7__cxx1112basic_stringIcSt11char_traitsIcESaIcEEESD_T_RKS2_INS_13RemoteControlEE]+0x114): undefined reference to `rviz_visual_tools::RvizVisualTools::RvizVisualTools(std::__cxx11::basic_string<char, std::char_traits<char>, std::allocator<char> > const&, std::__cxx11::basic_string<char, std::char_traits<char>, std::allocator<char> > const&, std::shared_ptr<rclcpp::node_interfaces::NodeBaseInterface> const&, std::shared_ptr<rclcpp::node_interfaces::NodeTopicsInterface> const&, std::shared_ptr<rclcpp::node_interfaces::NodeGraphInterface> const&, std::shared_ptr<rclcpp::node_interfaces::NodeClockInterface> const&, std::shared_ptr<rclcpp::node_interfaces::NodeLoggingInterface> const&, std::shared_ptr<rviz_visual_tools::RemoteControl> const&)'
collect2: error: ld returned 1 exit status
gmake[2]: *** [CMakeFiles/moveit_test3.dir/build.make:342: moveit_test3] Error 1
gmake[1]: *** [CMakeFiles/Makefile2:193: CMakeFiles/moveit_test3.dir/all] Error 2
gmake: *** [Makefile:146: all] Error 2
