[0.041s] Invoking command in '/home/matthias/xplore2023/hd_ws/build/moveit_api_test': CMAKE_PREFIX_PATH=${CMAKE_PREFIX_PATH}:/home/matthias/xplore2023/hd_ws/install/task_execution:/home/matthias/xplore2023/hd_ws/install/manager:/opt/ros/humble /usr/bin/cmake --build /home/matthias/xplore2023/hd_ws/build/moveit_api_test -- -j12 -l12
[0.273s] [35m[1mConsolidate compiler generated dependencies of target moveit_test[0m
[0.279s] [35m[1mConsolidate compiler generated dependencies of target moveit_test3[0m
[0.280s] [35m[1mConsolidate compiler generated dependencies of target moveit_test2[0m
[0.299s] [35m[1mConsolidate compiler generated dependencies of target move_group_interface_test[0m
[0.306s] [35m[1mConsolidate compiler generated dependencies of target motion_planning_test[0m
[0.350s] gmake[2]: *** No rule to make target '/opt/ros/humble/lib/libmoveit_move_group_interface.so.2.5.3', needed by 'moveit_test'.  Stop.
[0.350s] gmake[1]: *** [CMakeFiles/Makefile2:145: CMakeFiles/moveit_test.dir/all] Error 2
[0.350s] gmake[1]: *** Waiting for unfinished jobs....
[0.352s] gmake[2]: *** No rule to make target '/opt/ros/humble/lib/libmoveit_move_group_interface.so.2.5.3', needed by 'moveit_test2'.  Stop.
[0.352s] gmake[1]: *** [CMakeFiles/Makefile2:171: CMakeFiles/moveit_test2.dir/all] Error 2
[0.354s] gmake[2]: *** No rule to make target '/opt/ros/humble/lib/libmoveit_move_group_interface.so.2.5.3', needed by 'moveit_test3'.  Stop.
[0.354s] gmake[1]: *** [CMakeFiles/Makefile2:197: CMakeFiles/moveit_test3.dir/all] Error 2
[0.358s] gmake[2]: *** No rule to make target '/opt/ros/humble/lib/libmoveit_move_group_interface.so.2.5.3', needed by 'motion_planning_test'.  Stop.
[0.359s] gmake[1]: *** [CMakeFiles/Makefile2:223: CMakeFiles/motion_planning_test.dir/all] Error 2
[0.360s] gmake[2]: *** No rule to make target '/opt/ros/humble/lib/libmoveit_move_group_interface.so.2.5.3', needed by 'move_group_interface_test'.  Stop.
[0.360s] gmake[2]: *** Waiting for unfinished jobs....
[0.366s] [ 10%] [32mBuilding CXX object CMakeFiles/move_group_interface_test.dir/src/move_group_interface_test.cpp.o[0m
[9.947s] gmake[1]: *** [CMakeFiles/Makefile2:249: CMakeFiles/move_group_interface_test.dir/all] Error 2
[9.948s] gmake: *** [Makefile:146: all] Error 2
[9.952s] Invoked command in '/home/matthias/xplore2023/hd_ws/build/moveit_api_test' returned '2': CMAKE_PREFIX_PATH=${CMAKE_PREFIX_PATH}:/home/matthias/xplore2023/hd_ws/install/task_execution:/home/matthias/xplore2023/hd_ws/install/manager:/opt/ros/humble /usr/bin/cmake --build /home/matthias/xplore2023/hd_ws/build/moveit_api_test -- -j12 -l12
