[ 10%] [32mBuilding CXX object CMakeFiles/moveit_test.dir/src/test.cpp.o[0m
[ 20%] [32mBuilding CXX object CMakeFiles/moveit_test2.dir/src/test2.cpp.o[0m
[ 30%] [32mBuilding CXX object CMakeFiles/moveit_test3.dir/src/test3.cpp.o[0m
[ 40%] [32mBuilding CXX object CMakeFiles/move_group_interface_test.dir/src/move_group_interface_test.cpp.o[0m
[ 50%] [32mBuilding CXX object CMakeFiles/motion_planning_test.dir/src/motion_planning.cpp.o[0m
gmake[2]: *** No rule to make target '/opt/ros/humble/lib/libmoveit_move_group_interface.so.2.5.3', needed by 'moveit_test'.  Stop.
gmake[2]: *** Waiting for unfinished jobs....
gmake[2]: *** No rule to make target '/opt/ros/humble/lib/libmoveit_move_group_interface.so.2.5.3', needed by 'moveit_test2'.  Stop.
gmake[2]: *** Waiting for unfinished jobs....
gmake[2]: *** No rule to make target '/opt/ros/humble/lib/libmoveit_move_group_interface.so.2.5.3', needed by 'moveit_test3'.  Stop.
gmake[2]: *** Waiting for unfinished jobs....
gmake[2]: *** No rule to make target '/opt/ros/humble/lib/libmoveit_move_group_interface.so.2.5.3', needed by 'move_group_interface_test'.  Stop.
gmake[2]: *** Waiting for unfinished jobs....
gmake[2]: *** No rule to make target '/opt/ros/humble/lib/libmoveit_move_group_interface.so.2.5.3', needed by 'motion_planning_test'.  Stop.
gmake[2]: *** Waiting for unfinished jobs....
gmake[1]: *** [CMakeFiles/Makefile2:145: CMakeFiles/moveit_test.dir/all] Error 2
gmake[1]: *** Waiting for unfinished jobs....
gmake[1]: *** [CMakeFiles/Makefile2:171: CMakeFiles/moveit_test2.dir/all] Error 2
gmake[1]: *** [CMakeFiles/Makefile2:197: CMakeFiles/moveit_test3.dir/all] Error 2
gmake[1]: *** [CMakeFiles/Makefile2:249: CMakeFiles/move_group_interface_test.dir/all] Error 2
gmake[1]: *** [CMakeFiles/Makefile2:223: CMakeFiles/motion_planning_test.dir/all] Error 2
gmake: *** [Makefile:146: all] Error 2
