[35m[1mConsolidate compiler generated dependencies of target move_group_interface_test[0m
[ 50%] [32mBuilding CXX object CMakeFiles/move_group_interface_test.dir/src/move_group_interface.cpp.o[0m
[01m[K/home/matthias/xplore2023/hd_ws/src/control/moveit_api_test2/src/move_group_interface.cpp:[m[K In function â€˜[01m[Kint main(int, char**)[m[Kâ€™:
[01m[K/home/matthias/xplore2023/hd_ws/src/control/moveit_api_test2/src/move_group_interface.cpp:173:23:[m[K [01;31m[Kerror: [m[Kredeclaration of â€˜[01m[Kstd::vector<double> joint_group_positions[m[Kâ€™
  173 |   std::vector<double> [01;31m[Kjoint_group_positions[m[K;
      |                       [01;31m[K^~~~~~~~~~~~~~~~~~~~~[m[K
[01m[K/home/matthias/xplore2023/hd_ws/src/control/moveit_api_test2/src/move_group_interface.cpp:119:23:[m[K [01;36m[Knote: [m[Kâ€˜[01m[Kstd::vector<double> joint_group_positions[m[Kâ€™ previously declared here
  119 |   std::vector<double> [01;36m[Kjoint_group_positions[m[K;
      |                       [01;36m[K^~~~~~~~~~~~~~~~~~~~~[m[K
[01m[K/home/matthias/xplore2023/hd_ws/src/control/moveit_api_test2/src/move_group_interface.cpp:252:28:[m[K [01;31m[Kerror: [m[Kâ€˜[01m[Ktarget_pose1[m[Kâ€™ was not declared in this scope; did you mean â€˜[01m[Kstart_pose2[m[Kâ€™?
  252 |   move_group.setPoseTarget([01;31m[Ktarget_pose1[m[K);
      |                            [01;31m[K^~~~~~~~~~~~[m[K
      |                            [32m[Kstart_pose2[m[K
[01m[K/home/matthias/xplore2023/hd_ws/src/control/moveit_api_test2/src/move_group_interface.cpp:124:8:[m[K [01;35m[Kwarning: [m[Kunused variable â€˜[01m[Kwithin_bounds[m[Kâ€™ [[01;35m[K]8;;https://gcc.gnu.org/onlinedocs/gcc/Warning-Options.html#index-Wunused-variable-Wunused-variable]8;;[m[K]
  124 |   bool [01;35m[Kwithin_bounds[m[K = move_group.setJointValueTarget(joint_group_positions);
      |        [01;35m[K^~~~~~~~~~~~~[m[K
gmake[2]: *** [CMakeFiles/move_group_interface_test.dir/build.make:76: CMakeFiles/move_group_interface_test.dir/src/move_group_interface.cpp.o] Error 1
gmake[1]: *** [CMakeFiles/Makefile2:137: CMakeFiles/move_group_interface_test.dir/all] Error 2
gmake: *** [Makefile:146: all] Error 2
