[0.028s] Invoking command in '/home/matthias/xplore2023/hd_ws/build/moveit_api_test': CMAKE_PREFIX_PATH=${CMAKE_PREFIX_PATH}:/home/matthias/xplore2023/hd_ws/install/task_execution:/home/matthias/xplore2023/hd_ws/install/manager:/opt/ros/humble /usr/bin/cmake --build /home/matthias/xplore2023/hd_ws/build/moveit_api_test -- -j12 -l12
[0.081s] gmake[2]: *** No rule to make target '/opt/ros/humble/lib/libmoveit_move_group_interface.so.2.5.3', needed by 'moveit_test'.  Stop.
[0.082s] [35m[1mConsolidate compiler generated dependencies of target move_group_interface_test[0m
[0.082s] gmake[1]: *** [CMakeFiles/Makefile2:145: CMakeFiles/moveit_test.dir/all] Error 2
[0.082s] gmake[1]: *** Waiting for unfinished jobs....
[0.088s] gmake[2]: *** No rule to make target '/opt/ros/humble/lib/libmoveit_move_group_interface.so.2.5.3', needed by 'moveit_test3'.  Stop.
[0.088s] gmake[1]: *** [CMakeFiles/Makefile2:197: CMakeFiles/moveit_test3.dir/all] Error 2
[0.088s] gmake[2]: *** No rule to make target '/opt/ros/humble/lib/libmoveit_move_group_interface.so.2.5.3', needed by 'moveit_test2'.  Stop.
[0.089s] gmake[1]: *** [CMakeFiles/Makefile2:171: CMakeFiles/moveit_test2.dir/all] Error 2
[0.100s] gmake[2]: *** No rule to make target '/opt/ros/humble/lib/libmoveit_move_group_interface.so.2.5.3', needed by 'motion_planning_test'.  Stop.
[0.100s] gmake[1]: *** [CMakeFiles/Makefile2:223: CMakeFiles/motion_planning_test.dir/all] Error 2
[0.110s] gmake[2]: *** No rule to make target '/opt/ros/humble/lib/libmoveit_move_group_interface.so.2.5.3', needed by 'move_group_interface_test'.  Stop.
[0.110s] gmake[1]: *** [CMakeFiles/Makefile2:249: CMakeFiles/move_group_interface_test.dir/all] Error 2
[0.110s] gmake: *** [Makefile:146: all] Error 2
[0.315s] Invoked command in '/home/matthias/xplore2023/hd_ws/build/moveit_api_test' returned '2': CMAKE_PREFIX_PATH=${CMAKE_PREFIX_PATH}:/home/matthias/xplore2023/hd_ws/install/task_execution:/home/matthias/xplore2023/hd_ws/install/manager:/opt/ros/humble /usr/bin/cmake --build /home/matthias/xplore2023/hd_ws/build/moveit_api_test -- -j12 -l12
