[0.025s] Invoking command in '/home/matthias/xplore2023/hd_ws/build/moveit_api_test': CMAKE_PREFIX_PATH=${CMAKE_PREFIX_PATH}:/home/matthias/xplore2023/hd_ws/install/task_execution:/home/matthias/xplore2023/hd_ws/install/manager:/opt/ros/humble /usr/bin/cmake --build /home/matthias/xplore2023/hd_ws/build/moveit_api_test -- -j12 -l12
[0.046s] -- Found ament_cmake: 1.3.3 (/opt/ros/humble/share/ament_cmake/cmake)
[0.192s] -- Found rclcpp: 16.0.2 (/opt/ros/humble/share/rclcpp/cmake)
[0.225s] -- Found rosidl_generator_c: 3.1.4 (/opt/ros/humble/share/rosidl_generator_c/cmake)
[0.227s] -- Found rosidl_adapter: 3.1.4 (/opt/ros/humble/share/rosidl_adapter/cmake)
[0.233s] -- Found rosidl_generator_cpp: 3.1.4 (/opt/ros/humble/share/rosidl_generator_cpp/cmake)
[0.243s] -- Using all available rosidl_typesupport_c: rosidl_typesupport_fastrtps_c;rosidl_typesupport_introspection_c
[0.258s] -- Using all available rosidl_typesupport_cpp: rosidl_typesupport_fastrtps_cpp;rosidl_typesupport_introspection_cpp
[0.319s] -- Found rmw_implementation_cmake: 6.1.1 (/opt/ros/humble/share/rmw_implementation_cmake/cmake)
[0.320s] -- Found rmw_fastrtps_cpp: 6.2.2 (/opt/ros/humble/share/rmw_fastrtps_cpp/cmake)
[0.445s] -- Using RMW implementation 'rmw_fastrtps_cpp' as default
[0.617s] -- Found moveit_core: 2.5.3 (/opt/ros/humble/share/moveit_core/cmake)
[0.632s] -- Found Boost: /usr/lib/x86_64-linux-gnu/cmake/Boost-1.74.0/BoostConfig.cmake (found version "1.74.0") found components: chrono date_time filesystem iostreams program_options regex serialization system thread 
[0.641s] -- Found Boost: /usr/lib/x86_64-linux-gnu/cmake/Boost-1.74.0/BoostConfig.cmake (found version "1.74.0") found components: filesystem 
[0.724s] -- library: /usr/lib/x86_64-linux-gnu/libcurl.so
[1.034s] -- Ensuring Eigen3 include directory is part of orocos-kdl CMake target
[2.118s] -- Found ament_lint_auto: 0.12.4 (/opt/ros/humble/share/ament_lint_auto/cmake)
[2.188s] -- Added test 'cppcheck' to perform static code analysis on C / C++ code
[2.189s] -- Configured cppcheck include dirs: 
[2.189s] -- Configured cppcheck exclude dirs and/or files: 
[2.189s] -- Added test 'flake8' to check Python code syntax and style conventions
[2.190s] -- Added test 'lint_cmake' to check CMake code style
[2.190s] -- Added test 'pep257' to check Python code against some of the docstring style conventions in PEP 257
[2.191s] -- Added test 'uncrustify' to check C / C++ code style
[2.192s] -- Configured uncrustify additional arguments: 
[2.192s] -- Added test 'xmllint' to check XML markup files
[2.193s] -- Configuring done
[2.257s] -- Generating done
[2.263s] -- Build files have been written to: /home/matthias/xplore2023/hd_ws/build/moveit_api_test
[2.338s] [35m[1mConsolidate compiler generated dependencies of target moveit_test[0m
[2.404s] [ 50%] [32m[1mLinking CXX executable moveit_test[0m
[2.832s] /usr/bin/ld: CMakeFiles/moveit_test.dir/src/test.cpp.o: in function `main':
[2.832s] test.cpp:(.text+0x1af): undefined reference to `robot_model_loader::RobotModelLoader::RobotModelLoader(std::shared_ptr<rclcpp::Node> const&, robot_model_loader::RobotModelLoader::Options const&)'
[2.832s] /usr/bin/ld: test.cpp:(.text+0x1559): undefined reference to `robot_model_loader::RobotModelLoader::~RobotModelLoader()'
[2.832s] /usr/bin/ld: test.cpp:(.text+0x186a): undefined reference to `robot_model_loader::RobotModelLoader::~RobotModelLoader()'
[2.845s] collect2: error: ld returned 1 exit status
[2.847s] gmake[2]: *** [CMakeFiles/moveit_test.dir/build.make:313: moveit_test] Error 1
[2.847s] gmake[1]: *** [CMakeFiles/Makefile2:137: CMakeFiles/moveit_test.dir/all] Error 2
[2.847s] gmake: *** [Makefile:146: all] Error 2
[2.849s] Invoked command in '/home/matthias/xplore2023/hd_ws/build/moveit_api_test' returned '2': CMAKE_PREFIX_PATH=${CMAKE_PREFIX_PATH}:/home/matthias/xplore2023/hd_ws/install/task_execution:/home/matthias/xplore2023/hd_ws/install/manager:/opt/ros/humble /usr/bin/cmake --build /home/matthias/xplore2023/hd_ws/build/moveit_api_test -- -j12 -l12
